<?xml version='1.0'?>
<ns2:test-suite xmlns:ns2='urn:model.allure.qatools.yandex.ru' start='1596009599404' stop='1596009603514'>
    <name>TablesPage test</name>
    <title>TablesPage test</title>
    <test-cases>
        <test-case start='1596009603045' status='passed' stop='1596009603094'>
            <name>Checks first last name in first table</name>
            <title>Checks first last name in first table</title>
            <labels>
                <label name='language' value='javascript'/>
                <label name='framework' value='wdio'/>
                <label name='thread' value='0-0'/>
            </labels>
            <parameters>
                <parameter kind='argument' name='browser' value='chrome'/>
            </parameters>
            <steps/>
            <attachments/>
        </test-case>
        <test-case start='1596009603095' status='failed' stop='1596009603514'>
            <name>Checks last names in first table default sorting</name>
            <title>Checks last names in first table default sorting</title>
            <labels>
                <label name='language' value='javascript'/>
                <label name='framework' value='wdio'/>
                <label name='thread' value='0-0'/>
            </labels>
            <parameters>
                <parameter kind='argument' name='browser' value='chrome'/>
            </parameters>
            <steps/>
            <attachments>
                <attachment title='Screenshot' source='ebd11538-426e-4386-a657-2a9af3a151a2-attachment.png' type='image/png' size='141762'/>
            </attachments>
            <failure>
                <message>Last names are not equal: expected undefined to deeply equal [ 'Smith', 'Doe', 'Conway', 'Bach' ]</message>
                <stack-trace>AssertionError: Last names are not equal: expected undefined to deeply equal [ 'Smith', 'Doe', 'Conway', 'Bach' ]
                    at Context.&lt;anonymous> (C:\Users\diman\Desktop\InternetUITests\test\specs\tablesPage.spec.js:28:21)
                    at Context.executeSync (C:\Users\diman\Desktop\InternetUITests\node_modules\@wdio\sync\build\index.js:56:18)
                    at C:\Users\diman\Desktop\InternetUITests\node_modules\@wdio\sync\build\index.js:82:70</stack-trace>
            </failure>
        </test-case>
    </test-cases>
</ns2:test-suite>