<?xml version='1.0'?>
<ns2:test-suite xmlns:ns2='urn:model.allure.qatools.yandex.ru' start='1595926680162' stop='1595926682435'>
    <name>HomePage tests</name>
    <title>HomePage tests</title>
    <test-cases>
        <test-case start='1595926681894' status='passed' stop='1595926681980'>
            <name>Checks Heading1</name>
            <title>Checks Heading1</title>
            <labels>
                <label name='language' value='javascript'/>
                <label name='framework' value='wdio'/>
                <label name='thread' value='0-0'/>
            </labels>
            <parameters>
                <parameter kind='argument' name='browser' value='chrome'/>
            </parameters>
            <steps/>
            <attachments/>
            <description type='text'>Heading1 test description</description>
        </test-case>
        <test-case start='1595926681981' status='passed' stop='1595926682041'>
            <name>Checks Heading2</name>
            <title>Checks Heading2</title>
            <labels>
                <label name='language' value='javascript'/>
                <label name='framework' value='wdio'/>
                <label name='thread' value='0-0'/>
            </labels>
            <parameters>
                <parameter kind='argument' name='browser' value='chrome'/>
            </parameters>
            <steps/>
            <attachments/>
            <description type='text'>Heading2 test description</description>
        </test-case>
        <test-case start='1595926682041' status='failed' stop='1595926682434'>
            <name>Checks if list of pages is shown properly</name>
            <title>Checks if list of pages is shown properly</title>
            <labels>
                <label name='language' value='javascript'/>
                <label name='framework' value='wdio'/>
                <label name='thread' value='0-0'/>
            </labels>
            <parameters>
                <parameter kind='argument' name='browser' value='chrome'/>
            </parameters>
            <steps/>
            <attachments>
                <attachment title='Screenshot' source='25166eaf-3073-43ee-8eb8-ad26e6133bd9-attachment.png' type='image/png' size='106562'/>
            </attachments>
            <failure>
                <message>Pages count are not equal: expected 44 to equal 43</message>
                <stack-trace>AssertionError: Pages count are not equal: expected 44 to equal 43
                    at Context.&lt;anonymous> (C:\Users\diman\Desktop\InternetUITests\test\specs\homePage.spec.js:35:21)
                    at Context.executeSync (C:\Users\diman\Desktop\InternetUITests\node_modules\@wdio\sync\build\index.js:56:18)
                    at C:\Users\diman\Desktop\InternetUITests\node_modules\@wdio\sync\build\index.js:82:70</stack-trace>
            </failure>
            <description type='text'>List of pages description</description>
        </test-case>
    </test-cases>
</ns2:test-suite>