<?xml version='1.0'?>
<ns2:test-suite xmlns:ns2='urn:model.allure.qatools.yandex.ru' start='1596009215951' stop='1596009218988'>
    <name>TablesPage test</name>
    <title>TablesPage test</title>
    <test-cases>
        <test-case start='1596009218636' status='failed' stop='1596009218988'>
            <name>Checks last names in first table default sorting</name>
            <title>Checks last names in first table default sorting</title>
            <labels>
                <label name='language' value='javascript'/>
                <label name='framework' value='wdio'/>
                <label name='thread' value='0-0'/>
            </labels>
            <parameters>
                <parameter kind='argument' name='browser' value='chrome'/>
            </parameters>
            <steps/>
            <attachments>
                <attachment title='Screenshot' source='5f4dee19-637d-4840-b1a7-68b9d2c2e840-attachment.png' type='image/png' size='141762'/>
            </attachments>
            <failure>
                <message>Last names are not equal: expected undefined to equal [ 'Smith', 'Doe', 'Conway', 'Bach' ]</message>
                <stack-trace>AssertionError: Last names are not equal: expected undefined to equal [ 'Smith', 'Doe', 'Conway', 'Bach' ]
                    at Context.&lt;anonymous> (C:\Users\diman\Desktop\InternetUITests\test\specs\tablesPage.spec.js:22:21)
                    at Context.executeSync (C:\Users\diman\Desktop\InternetUITests\node_modules\@wdio\sync\build\index.js:56:18)
                    at C:\Users\diman\Desktop\InternetUITests\node_modules\@wdio\sync\build\index.js:82:70</stack-trace>
            </failure>
        </test-case>
    </test-cases>
</ns2:test-suite>