<?xml version='1.0'?>
<ns2:test-suite xmlns:ns2='urn:model.allure.qatools.yandex.ru' start='1595926636716' stop='1595926639004'>
    <name>HomePage tests</name>
    <title>HomePage tests</title>
    <test-cases>
        <test-case start='1595926638450' status='passed' stop='1595926638533'>
            <name>Checks Heading1</name>
            <title>Checks Heading1</title>
            <labels>
                <label name='language' value='javascript'/>
                <label name='framework' value='wdio'/>
                <label name='thread' value='0-0'/>
            </labels>
            <parameters>
                <parameter kind='argument' name='browser' value='chrome'/>
            </parameters>
            <steps/>
            <attachments/>
            <description type='text'>Heading1 test description</description>
        </test-case>
        <test-case start='1595926638534' status='passed' stop='1595926638606'>
            <name>Checks Heading2</name>
            <title>Checks Heading2</title>
            <labels>
                <label name='language' value='javascript'/>
                <label name='framework' value='wdio'/>
                <label name='thread' value='0-0'/>
            </labels>
            <parameters>
                <parameter kind='argument' name='browser' value='chrome'/>
            </parameters>
            <steps/>
            <attachments/>
            <description type='text'>Heading2 test description</description>
        </test-case>
        <test-case start='1595926638607' status='failed' stop='1595926639003'>
            <name>Checks if list of pages is shown properly</name>
            <title>Checks if list of pages is shown properly</title>
            <labels>
                <label name='language' value='javascript'/>
                <label name='framework' value='wdio'/>
                <label name='thread' value='0-0'/>
            </labels>
            <parameters>
                <parameter kind='argument' name='browser' value='chrome'/>
            </parameters>
            <steps/>
            <attachments>
                <attachment title='Screenshot' source='dd1ea7dd-5cfc-45d1-b0ab-5a0d95e7cb19-attachment.png' type='image/png' size='106562'/>
            </attachments>
            <failure>
                <message>expected 'Pages count are not equal' to equal undefined</message>
                <stack-trace>AssertionError: expected 'Pages count are not equal' to equal undefined
                    at Context.&lt;anonymous> (C:\Users\diman\Desktop\InternetUITests\test\specs\homePage.spec.js:35:21)
                    at Context.executeSync (C:\Users\diman\Desktop\InternetUITests\node_modules\@wdio\sync\build\index.js:56:18)
                    at C:\Users\diman\Desktop\InternetUITests\node_modules\@wdio\sync\build\index.js:82:70</stack-trace>
            </failure>
            <description type='text'>List of pages description</description>
        </test-case>
    </test-cases>
</ns2:test-suite>