<?xml version='1.0'?>
<ns2:test-suite xmlns:ns2='urn:model.allure.qatools.yandex.ru' start='1596008799173' stop='1596008803049'>
    <name>TablesPage test</name>
    <title>TablesPage test</title>
    <test-cases>
        <test-case start='1596008802129' status='failed' stop='1596008803048'>
            <name>Checks table headers</name>
            <title>Checks table headers</title>
            <labels>
                <label name='language' value='javascript'/>
                <label name='framework' value='wdio'/>
                <label name='thread' value='0-0'/>
            </labels>
            <parameters>
                <parameter kind='argument' name='browser' value='chrome'/>
            </parameters>
            <steps/>
            <attachments>
                <attachment title='Screenshot' source='10bee3d2-4303-4afb-a1d2-ae71d8630530-attachment.png' type='image/png' size='141762'/>
            </attachments>
            <failure>
                <message>Headers are not equal: expected [ Array(6) ] to have the same members as [ Array(6) ]</message>
                <stack-trace>AssertionError: Headers are not equal: expected [ Array(6) ] to have the same members as [ Array(6) ]
                    at Context.&lt;anonymous> (C:\Users\diman\Desktop\InternetUITests\test\specs\tablesPage.spec.js:18:21)
                    at Context.executeSync (C:\Users\diman\Desktop\InternetUITests\node_modules\@wdio\sync\build\index.js:56:18)
                    at C:\Users\diman\Desktop\InternetUITests\node_modules\@wdio\sync\build\index.js:82:70</stack-trace>
            </failure>
        </test-case>
    </test-cases>
</ns2:test-suite>