<?xml version='1.0'?>
<ns2:test-suite xmlns:ns2='urn:model.allure.qatools.yandex.ru' start='1596007933447' stop='1596007937775'>
    <name>TablesPage test</name>
    <title>TablesPage test</title>
    <test-cases>
        <test-case start='1596007936476' status='failed' stop='1596007937098'>
            <name>Checks table headers</name>
            <title>Checks table headers</title>
            <labels>
                <label name='language' value='javascript'/>
                <label name='framework' value='wdio'/>
                <label name='thread' value='0-0'/>
            </labels>
            <parameters>
                <parameter kind='argument' name='browser' value='chrome'/>
            </parameters>
            <steps/>
            <attachments>
                <attachment title='Screenshot' source='c9f0ab4e-8c90-4e19-937b-ebe72faf3883-attachment.png' type='image/png' size='141762'/>
            </attachments>
            <failure>
                <message>Headers are not equal: expected [ Array(6) ] to have the same members as [ Array(6) ]</message>
                <stack-trace>AssertionError: Headers are not equal: expected [ Array(6) ] to have the same members as [ Array(6) ]
                    at Context.&lt;anonymous> (C:\Users\diman\Desktop\InternetUITests\test\specs\tablesPage.spec.js:18:21)
                    at Context.executeSync (C:\Users\diman\Desktop\InternetUITests\node_modules\@wdio\sync\build\index.js:56:18)
                    at C:\Users\diman\Desktop\InternetUITests\node_modules\@wdio\sync\build\index.js:82:70</stack-trace>
            </failure>
        </test-case>
        <test-case start='1596007937098' status='failed' stop='1596007937401'>
            <name>Checks last names in first table default sorting</name>
            <title>Checks last names in first table default sorting</title>
            <labels>
                <label name='language' value='javascript'/>
                <label name='framework' value='wdio'/>
                <label name='thread' value='0-0'/>
            </labels>
            <parameters>
                <parameter kind='argument' name='browser' value='chrome'/>
            </parameters>
            <steps/>
            <attachments>
                <attachment title='Screenshot' source='2ca0d031-ce1b-44e5-b84b-ae95087375e1-attachment.png' type='image/png' size='141762'/>
            </attachments>
            <failure>
                <message>Last names are not equal: expected undefined to equal [ 'Smith', 'Doe', 'Conway', 'Bach' ]</message>
                <stack-trace>AssertionError: Last names are not equal: expected undefined to equal [ 'Smith', 'Doe', 'Conway', 'Bach' ]
                    at Context.&lt;anonymous> (C:\Users\diman\Desktop\InternetUITests\test\specs\tablesPage.spec.js:24:21)
                    at Context.executeSync (C:\Users\diman\Desktop\InternetUITests\node_modules\@wdio\sync\build\index.js:56:18)
                    at C:\Users\diman\Desktop\InternetUITests\node_modules\@wdio\sync\build\index.js:82:70</stack-trace>
            </failure>
        </test-case>
        <test-case start='1596007937401' status='failed' stop='1596007937774'>
            <name>Sorts first table by last name and checks sorting</name>
            <title>Sorts first table by last name and checks sorting</title>
            <labels>
                <label name='language' value='javascript'/>
                <label name='framework' value='wdio'/>
                <label name='thread' value='0-0'/>
            </labels>
            <parameters>
                <parameter kind='argument' name='browser' value='chrome'/>
            </parameters>
            <steps/>
            <attachments>
                <attachment title='Screenshot' source='7eaf3f93-47ba-483c-8e40-aed46cecee8b-attachment.png' type='image/png' size='141951'/>
            </attachments>
            <failure>
                <message>Last names are not equal after sorting: expected undefined to equal [ 'Bach', 'Conway', 'Doe', 'Smith' ]</message>
                <stack-trace>AssertionError: Last names are not equal after sorting: expected undefined to equal [ 'Bach', 'Conway', 'Doe', 'Smith' ]
                    at Context.&lt;anonymous> (C:\Users\diman\Desktop\InternetUITests\test\specs\tablesPage.spec.js:30:21)
                    at Context.executeSync (C:\Users\diman\Desktop\InternetUITests\node_modules\@wdio\sync\build\index.js:56:18)
                    at C:\Users\diman\Desktop\InternetUITests\node_modules\@wdio\sync\build\index.js:82:70</stack-trace>
            </failure>
        </test-case>
    </test-cases>
</ns2:test-suite>